\BOOKMARK [0][-]{chapter*.1}{Acknowledgments}{}% 1
\BOOKMARK [0][-]{chapter*.2}{Abstract}{}% 2
\BOOKMARK [0][-]{chapter.1}{Introduction}{}% 3
\BOOKMARK [1][-]{section.1.1}{Community}{chapter.1}% 4
\BOOKMARK [1][-]{section.1.2}{Overlapping Community}{chapter.1}% 5
\BOOKMARK [1][-]{section.1.3}{Motivation}{chapter.1}% 6
\BOOKMARK [1][-]{section.1.4}{Overview of Project Report}{chapter.1}% 7
\BOOKMARK [0][-]{chapter.2}{Background and Related Literature}{}% 8
\BOOKMARK [1][-]{section.2.1}{Centrality Measures}{chapter.2}% 9
\BOOKMARK [2][-]{subsection.2.1.1}{Degree Centrality}{section.2.1}% 10
\BOOKMARK [2][-]{subsection.2.1.2}{Betweenness centrality}{section.2.1}% 11
\BOOKMARK [1][-]{section.2.2}{Conductance and Modularity}{chapter.2}% 12
\BOOKMARK [2][-]{subsection.2.2.1}{Conductance}{section.2.2}% 13
\BOOKMARK [2][-]{subsection.2.2.2}{Modularity}{section.2.2}% 14
\BOOKMARK [1][-]{section.2.3}{Algorithms for Community Discovery}{chapter.2}% 15
\BOOKMARK [2][-]{subsection.2.3.1}{Algorithm of Girvan-Newman for community discovery}{section.2.3}% 16
\BOOKMARK [2][-]{subsection.2.3.2}{Fastgreedy Algorithm}{section.2.3}% 17
\BOOKMARK [2][-]{subsection.2.3.3}{Label Propagation Algorithm}{section.2.3}% 18
\BOOKMARK [2][-]{subsection.2.3.4}{Leading Eigenvector Algorithm}{section.2.3}% 19
\BOOKMARK [2][-]{subsection.2.3.5}{Spinglass Algorithm}{section.2.3}% 20
\BOOKMARK [2][-]{subsection.2.3.6}{Walktrap Algorithm}{section.2.3}% 21
\BOOKMARK [1][-]{section.2.4}{Overlapping Community Discovery }{chapter.2}% 22
\BOOKMARK [2][-]{subsection.2.4.1}{A Method of Seed Set Expansion}{section.2.4}% 23
\BOOKMARK [2][-]{subsection.2.4.2}{A Symmetric Binary Matrix Factorization Approach}{section.2.4}% 24
\BOOKMARK [2][-]{subsection.2.4.3}{ CONGA Approach}{section.2.4}% 25
\BOOKMARK [0][-]{chapter.3}{Proposed Algorithms for Overlapping Community Discovery}{}% 26
\BOOKMARK [1][-]{section.3.1}{Motivation}{chapter.3}% 27
\BOOKMARK [1][-]{section.3.2}{Algorithm based on Consensus Clustering}{chapter.3}% 28
\BOOKMARK [2][-]{subsection.3.2.1}{Implementation on Zachary karate club}{section.3.2}% 29
\BOOKMARK [2][-]{subsection.3.2.2}{Zachary network figures for various community discovery algorithms}{section.3.2}% 30
\BOOKMARK [1][-]{section.3.3}{Algorithm based on Connectivity Consensus}{chapter.3}% 31
\BOOKMARK [2][-]{subsection.3.3.1}{Implementation on Zachary karate club}{section.3.3}% 32
\BOOKMARK [2][-]{subsection.3.3.2}{Conclusion}{section.3.3}% 33
\BOOKMARK [0][-]{chapter.4}{Implementation and Results}{}% 34
\BOOKMARK [1][-]{section.4.1}{Datasets}{chapter.4}% 35
\BOOKMARK [2][-]{subsection.4.1.1}{Benchmark Datasets}{section.4.1}% 36
\BOOKMARK [2][-]{subsection.4.1.2}{Synthetic Datasets}{section.4.1}% 37
\BOOKMARK [1][-]{section.4.2}{Results on Benchmark Datasets}{chapter.4}% 38
\BOOKMARK [1][-]{section.4.3}{Results on Synthetic Datasets}{chapter.4}% 39
\BOOKMARK [1][-]{section.4.4}{Conclusion}{chapter.4}% 40
\BOOKMARK [0][-]{chapter.5}{Conclusion and Future Work}{}% 41
\BOOKMARK [1][-]{section.5.1}{Conclusions}{chapter.5}% 42
\BOOKMARK [1][-]{section.5.2}{Future Work}{chapter.5}% 43
\BOOKMARK [0][-]{section.5.2}{Bibliography}{}% 44
