This is pdfTeX, Version 3.1415926-2.4-1.40.13 (TeX Live 2012/TeX Live for SUSE Linux) (format=pdflatex 2013.11.1)  30 JUN 2014 10:33
entering extended mode
 restricted \write18 enabled.
 %&-line parsing enabled.
**thesis.tex
(./thesis.tex
LaTeX2e <2011/06/27>
Babel <v3.8m> and hyphenation patterns for english, dumylang, nohyphenation, ge
rman-x-2011-07-01, ngerman-x-2011-07-01, afrikaans, ancientgreek, ibycus, arabi
c, armenian, basque, bulgarian, catalan, pinyin, coptic, croatian, czech, danis
h, dutch, ukenglish, usenglishmax, esperanto, estonian, ethiopic, farsi, finnis
h, french, friulan, galician, german, ngerman, swissgerman, monogreek, greek, h
ungarian, icelandic, assamese, bengali, gujarati, hindi, kannada, malayalam, ma
rathi, oriya, panjabi, tamil, telugu, indonesian, interlingua, irish, italian, 
kurmanji, lao, latin, latvian, lithuanian, mongolian, mongolianlmc, bokmal, nyn
orsk, polish, portuguese, romanian, romansh, russian, sanskrit, serbian, serbia
nc, slovak, slovenian, spanish, swedish, turkish, turkmen, ukrainian, uppersorb
ian, welsh, loaded.
(/usr/share/texmf/tex/latex/base/book.cls
Document Class: book 2007/10/19 v1.4h Standard LaTeX document class
(/usr/share/texmf/tex/latex/base/bk12.clo
File: bk12.clo 2007/10/19 v1.4h Standard LaTeX file (size option)
)
\c@part=\count79
\c@chapter=\count80
\c@section=\count81
\c@subsection=\count82
\c@subsubsection=\count83
\c@paragraph=\count84
\c@subparagraph=\count85
\c@figure=\count86
\c@table=\count87
\abovecaptionskip=\skip41
\belowcaptionskip=\skip42
\bibindent=\dimen102
) (./algorithm.sty
Package: algorithm 

Document Style `algorithm' - floating environment
(/usr/share/texmf/tex/latex/float/float.sty
Package: float 2001/11/08 v1.3d Float enhancements (AL)
\c@float@type=\count88
\float@exts=\toks14
\float@box=\box26
\@float@everytoks=\toks15
\@floatcapt=\box27
)
(/usr/share/texmf/tex/latex/base/ifthen.sty
Package: ifthen 2001/05/26 v1.1c Standard LaTeX ifthen package (DPC)
)
\@float@every@algorithm=\toks16
\c@algorithm=\count89
) (./algorithmic.sty
Package: algorithmic 2005/07/05

Document Style `algorithmic' - environment
(/usr/share/texmf/tex/latex/tools/calc.sty
Package: calc 2007/08/22 v4.3 Infix arithmetic (KKT,FJ)
\calc@Acount=\count90
\calc@Bcount=\count91
\calc@Adimen=\dimen103
\calc@Bdimen=\dimen104
\calc@Askip=\skip43
\calc@Bskip=\skip44
LaTeX Info: Redefining \setlength on input line 76.
LaTeX Info: Redefining \addtolength on input line 77.
\calc@Ccount=\count92
\calc@Cskip=\skip45
)
(/usr/share/texmf/tex/latex/graphics/keyval.sty
Package: keyval 1999/03/16 v1.13 key=value parser (DPC)
\KV@toks@=\toks17
)
\c@ALC@line=\count93
\c@ALC@rem=\count94
\c@ALC@depth=\count95
\ALC@tlm=\skip46
\algorithmicindent=\skip47
)
(/usr/share/texmf/tex/latex/geometry/geometry.sty
Package: geometry 2010/09/12 v5.6 Page Geometry

(/usr/share/texmf/tex/generic/oberdiek/ifpdf.sty
Package: ifpdf 2011/01/30 v2.3 Provides the ifpdf switch (HO)
Package ifpdf Info: pdfTeX in PDF mode is detected.
)
(/usr/share/texmf/tex/generic/oberdiek/ifvtex.sty
Package: ifvtex 2010/03/01 v1.5 Detect VTeX and its facilities (HO)
Package ifvtex Info: VTeX not detected.
)
(/usr/share/texmf/tex/generic/ifxetex/ifxetex.sty
Package: ifxetex 2010/09/12 v0.6 Provides ifxetex conditional
)
\Gm@cnth=\count96
\Gm@cntv=\count97
\c@Gm@tempcnt=\count98
\Gm@bindingoffset=\dimen105
\Gm@wd@mp=\dimen106
\Gm@odd@mp=\dimen107
\Gm@even@mp=\dimen108
\Gm@layoutwidth=\dimen109
\Gm@layoutheight=\dimen110
\Gm@layouthoffset=\dimen111
\Gm@layoutvoffset=\dimen112
\Gm@dimlist=\toks18
)
(/usr/share/texmf/tex/latex/base/fixltx2e.sty
Package: fixltx2e 2006/09/13 v1.1m fixes to LaTeX
LaTeX Info: Redefining \em on input line 420.
)
(/usr/share/texmf/tex/latex/graphics/graphicx.sty
Package: graphicx 1999/02/16 v1.0f Enhanced LaTeX Graphics (DPC,SPQR)

(/usr/share/texmf/tex/latex/graphics/graphics.sty
Package: graphics 2009/02/05 v1.0o Standard LaTeX Graphics (DPC,SPQR)

(/usr/share/texmf/tex/latex/graphics/trig.sty
Package: trig 1999/03/16 v1.09 sin cos tan (DPC)
)
(/usr/share/texmf/tex/latex/latexconfig/graphics.cfg
File: graphics.cfg 2010/04/23 v1.9 graphics configuration of TeX Live
)
Package graphics Info: Driver file: pdftex.def on input line 91.

(/usr/share/texmf/tex/latex/pdftex-def/pdftex.def
File: pdftex.def 2011/05/27 v0.06d Graphics/color for pdfTeX

(/usr/share/texmf/tex/generic/oberdiek/infwarerr.sty
Package: infwarerr 2010/04/08 v1.3 Providing info/warning/error messages (HO)
)
(/usr/share/texmf/tex/generic/oberdiek/ltxcmds.sty
Package: ltxcmds 2011/11/09 v1.22 LaTeX kernel commands for general use (HO)
)
\Gread@gobject=\count99
))
\Gin@req@height=\dimen113
\Gin@req@width=\dimen114
)
(/usr/share/texmf/tex/latex/url/url.sty
\Urlmuskip=\muskip10
Package: url 2006/04/12  ver 3.3  Verb mode for urls, etc.
)
(/usr/share/texmf/tex/latex/graphics/color.sty
Package: color 2005/11/14 v1.0j Standard LaTeX Color (DPC)

(/usr/share/texmf/tex/latex/latexconfig/color.cfg
File: color.cfg 2007/01/18 v1.5 color configuration of teTeX/TeXLive
)
Package color Info: Driver file: pdftex.def on input line 130.
)
(/usr/share/texmf/tex/latex/amsmath/amsmath.sty
Package: amsmath 2000/07/18 v2.13 AMS math features
\@mathmargin=\skip48

For additional information on amsmath, use the `?' option.
(/usr/share/texmf/tex/latex/amsmath/amstext.sty
Package: amstext 2000/06/29 v2.01

(/usr/share/texmf/tex/latex/amsmath/amsgen.sty
File: amsgen.sty 1999/11/30 v2.0
\@emptytoks=\toks19
\ex@=\dimen115
))
(/usr/share/texmf/tex/latex/amsmath/amsbsy.sty
Package: amsbsy 1999/11/29 v1.2d
\pmbraise@=\dimen116
)
(/usr/share/texmf/tex/latex/amsmath/amsopn.sty
Package: amsopn 1999/12/14 v2.01 operator names
)
\inf@bad=\count100
LaTeX Info: Redefining \frac on input line 211.
\uproot@=\count101
\leftroot@=\count102
LaTeX Info: Redefining \overline on input line 307.
\classnum@=\count103
\DOTSCASE@=\count104
LaTeX Info: Redefining \ldots on input line 379.
LaTeX Info: Redefining \dots on input line 382.
LaTeX Info: Redefining \cdots on input line 467.
\Mathstrutbox@=\box28
\strutbox@=\box29
\big@size=\dimen117
LaTeX Font Info:    Redeclaring font encoding OML on input line 567.
LaTeX Font Info:    Redeclaring font encoding OMS on input line 568.
\macc@depth=\count105
\c@MaxMatrixCols=\count106
\dotsspace@=\muskip11
\c@parentequation=\count107
\dspbrk@lvl=\count108
\tag@help=\toks20
\row@=\count109
\column@=\count110
\maxfields@=\count111
\andhelp@=\toks21
\eqnshift@=\dimen118
\alignsep@=\dimen119
\tagshift@=\dimen120
\tagwidth@=\dimen121
\totwidth@=\dimen122
\lineht@=\dimen123
\@envbody=\toks22
\multlinegap=\skip49
\multlinetaggap=\skip50
\mathdisplay@stack=\toks23
LaTeX Info: Redefining \[ on input line 2666.
LaTeX Info: Redefining \] on input line 2667.
)
(/usr/share/texmf/tex/latex/amsfonts/amsfonts.sty
Package: amsfonts 2009/06/22 v3.00 Basic AMSFonts support
\symAMSa=\mathgroup4
\symAMSb=\mathgroup5
LaTeX Font Info:    Overwriting math alphabet `\mathfrak' in version `bold'
(Font)                  U/euf/m/n --> U/euf/b/n on input line 96.
)
(/usr/share/texmf/tex/latex/amsfonts/amssymb.sty
Package: amssymb 2009/06/22 v3.00
)
(/usr/share/texmf/tex/latex/subfig/subfig.sty
Package: subfig 2005/06/28 ver: 1.3 subfig package

(/usr/share/texmf/tex/latex/caption/caption.sty
Package: caption 2012/02/19 v3.2f Customizing captions (AR)

(/usr/share/texmf/tex/latex/caption/caption3.sty
Package: caption3 2012/01/12 v1.4b caption3 kernel (AR)
\captionmargin=\dimen124
\captionmargin@=\dimen125
\captionwidth=\dimen126
\caption@indent=\dimen127
\caption@parindent=\dimen128
\caption@hangindent=\dimen129
)
\c@ContinuedFloat=\count112
Package caption Info: float package is loaded.
)
\c@KVtest=\count113
\sf@farskip=\skip51
\sf@captopadj=\dimen130
\sf@capskip=\skip52
\sf@nearskip=\skip53
\c@subfigure=\count114
\c@subfigure@save=\count115
\c@lofdepth=\count116
\c@subtable=\count117
\c@subtable@save=\count118
\c@lotdepth=\count119
\sf@top=\skip54
\sf@bottom=\skip55
)
(/usr/share/texmf/tex/latex/base/makeidx.sty
Package: makeidx 2000/03/29 v1.0m Standard LaTeX package
)
(/usr/share/texmf/tex/latex/base/alltt.sty
Package: alltt 1997/06/16 v2.0g defines alltt environment
)
(/usr/share/texmf/tex/latex/setspace/setspace.sty
Package: setspace 2011/12/19 v6.7a set line spacing
)
(/usr/share/texmf/tex/latex/listings/listings.sty
\lst@mode=\count120
\lst@gtempboxa=\box30
\lst@token=\toks24
\lst@length=\count121
\lst@currlwidth=\dimen131
\lst@column=\count122
\lst@pos=\count123
\lst@lostspace=\dimen132
\lst@width=\dimen133
\lst@newlines=\count124
\lst@lineno=\count125
\lst@maxwidth=\dimen134

(/usr/share/texmf/tex/latex/listings/lstmisc.sty
File: lstmisc.sty 2007/02/22 1.4 (Carsten Heinz)
\c@lstnumber=\count126
\lst@skipnumbers=\count127
\lst@framebox=\box31
)
(/usr/share/texmf/tex/latex/listings/listings.cfg
File: listings.cfg 2007/02/22 1.4 listings configuration
))
Package: listings 2007/02/22 1.4 (Carsten Heinz)

(/usr/share/texmf/tex/latex/tools/verbatim.sty
Package: verbatim 2003/08/22 v1.5q LaTeX2e package for verbatim enhancements
\every@verbatim=\toks25
\verbatim@line=\toks26
\verbatim@in@stream=\read1
)
(/usr/share/texmf/tex/latex/hyperref/hyperref.sty
Package: hyperref 2012/02/28 v6.82p Hypertext links for LaTeX

(/usr/share/texmf/tex/generic/oberdiek/hobsub-hyperref.sty
Package: hobsub-hyperref 2012/04/25 v1.12 Bundle oberdiek, subset hyperref (HO)


(/usr/share/texmf/tex/generic/oberdiek/hobsub-generic.sty
Package: hobsub-generic 2012/04/25 v1.12 Bundle oberdiek, subset generic (HO)
Package: hobsub 2012/04/25 v1.12 Construct package bundles (HO)
Package hobsub Info: Skipping package `infwarerr' (already loaded).
Package hobsub Info: Skipping package `ltxcmds' (already loaded).
Package: ifluatex 2010/03/01 v1.3 Provides the ifluatex switch (HO)
Package ifluatex Info: LuaTeX not detected.
Package hobsub Info: Skipping package `ifvtex' (already loaded).
Package: intcalc 2007/09/27 v1.1 Expandable calculations with integers (HO)
Package hobsub Info: Skipping package `ifpdf' (already loaded).
Package: etexcmds 2011/02/16 v1.5 Avoid name clashes with e-TeX commands (HO)
Package etexcmds Info: Could not find \expanded.
(etexcmds)             That can mean that you are not using pdfTeX 1.50 or
(etexcmds)             that some package has redefined \expanded.
(etexcmds)             In the latter case, load this package earlier.
Package: kvsetkeys 2012/04/25 v1.16 Key value parser (HO)
Package: kvdefinekeys 2011/04/07 v1.3 Define keys (HO)
Package: pdftexcmds 2011/11/29 v0.20 Utility functions of pdfTeX for LuaTeX (HO
)
Package pdftexcmds Info: LuaTeX not detected.
Package pdftexcmds Info: \pdf@primitive is available.
Package pdftexcmds Info: \pdf@ifprimitive is available.
Package pdftexcmds Info: \pdfdraftmode found.
Package: pdfescape 2011/11/25 v1.13 Implements pdfTeX's escape features (HO)
Package: bigintcalc 2012/04/08 v1.3 Expandable calculations on big integers (HO
)
Package: bitset 2011/01/30 v1.1 Handle bit-vector datatype (HO)
Package: uniquecounter 2011/01/30 v1.2 Provide unlimited unique counter (HO)
)
Package hobsub Info: Skipping package `hobsub' (already loaded).
Package: letltxmacro 2010/09/02 v1.4 Let assignment for LaTeX macros (HO)
Package: hopatch 2011/06/24 v1.1 Wrapper for package hooks (HO)
Package: xcolor-patch 2011/01/30 xcolor patch
Package: atveryend 2011/06/30 v1.8 Hooks at the very end of document (HO)
Package atveryend Info: \enddocument detected (standard20110627).
Package: atbegshi 2011/10/05 v1.16 At begin shipout hook (HO)
Package: refcount 2011/10/16 v3.4 Data extraction from label references (HO)
Package: hycolor 2011/01/30 v1.7 Color options for hyperref/bookmark (HO)
)
(/usr/share/texmf/tex/latex/oberdiek/kvoptions.sty
Package: kvoptions 2011/06/30 v3.11 Key value format for package options (HO)
)
\@linkdim=\dimen135
\Hy@linkcounter=\count128
\Hy@pagecounter=\count129

(/usr/share/texmf/tex/latex/hyperref/pd1enc.def
File: pd1enc.def 2012/02/28 v6.82p Hyperref: PDFDocEncoding definition (HO)
)
\Hy@SavedSpaceFactor=\count130

(/usr/share/texmf/tex/latex/latexconfig/hyperref.cfg
File: hyperref.cfg 2002/06/06 v1.2 hyperref configuration of TeXLive
)
Package hyperref Info: Option `bookmarks' set `true' on input line 3941.
Package hyperref Info: Hyper figures OFF on input line 4062.
Package hyperref Info: Link nesting OFF on input line 4067.
Package hyperref Info: Hyper index ON on input line 4070.
Package hyperref Info: Plain pages OFF on input line 4077.
Package hyperref Info: Backreferencing OFF on input line 4082.
Package hyperref Info: Implicit mode ON; LaTeX internals redefined.
Package hyperref Info: Bookmarks ON on input line 4300.
\c@Hy@tempcnt=\count131
LaTeX Info: Redefining \url on input line 4653.
\Fld@menulength=\count132
\Field@Width=\dimen136
\Fld@charsize=\dimen137
Package hyperref Info: Hyper figures OFF on input line 5773.
Package hyperref Info: Link nesting OFF on input line 5778.
Package hyperref Info: Hyper index ON on input line 5781.
Package hyperref Info: backreferencing OFF on input line 5788.
Package hyperref Info: Link coloring OFF on input line 5793.
Package hyperref Info: Link coloring with OCG OFF on input line 5798.
Package hyperref Info: PDF/A mode OFF on input line 5803.
LaTeX Info: Redefining \ref on input line 5843.
LaTeX Info: Redefining \pageref on input line 5847.
\Hy@abspage=\count133
\c@Item=\count134
\c@Hfootnote=\count135
)

Package hyperref Message: Driver (autodetected): hpdftex.

(/usr/share/texmf/tex/latex/hyperref/hpdftex.def
File: hpdftex.def 2012/02/28 v6.82p Hyperref driver for pdfTeX
\Fld@listcount=\count136
\c@bookmark@seq@number=\count137

(/usr/share/texmf/tex/latex/oberdiek/rerunfilecheck.sty
Package: rerunfilecheck 2011/04/15 v1.7 Rerun checks for auxiliary files (HO)
Package uniquecounter Info: New unique counter `rerunfilecheck' on input line 2
82.
)
\Hy@SectionHShift=\skip56
)
(/usr/share/texmf/tex/latex/tools/array.sty
Package: array 2008/09/09 v2.4c Tabular extension package (FMi)
\col@sep=\dimen138
\extrarowheight=\dimen139
\NC@list=\toks27
\extratabsurround=\skip57
\backup@length=\skip58
)
(/usr/share/texmf/tex/latex/amscls/amsthm.sty
Package: amsthm 2009/07/02 v2.20.1
\thm@style=\toks28
\thm@bodyfont=\toks29
\thm@headfont=\toks30
\thm@notefont=\toks31
\thm@headpunct=\toks32
\thm@preskip=\skip59
\thm@postskip=\skip60
\thm@headsep=\skip61
\dth@everypar=\toks33
)
(/usr/share/texmf/tex/latex/tools/multicol.sty
Package: multicol 2011/06/27 v1.7a multicolumn formatting (FMi)
\c@tracingmulticols=\count138
\mult@box=\box32
\multicol@leftmargin=\dimen140
\c@unbalance=\count139
\c@collectmore=\count140
\doublecol@number=\count141
\multicoltolerance=\count142
\multicolpretolerance=\count143
\full@width=\dimen141
\page@free=\dimen142
\premulticols=\dimen143
\postmulticols=\dimen144
\multicolsep=\skip62
\multicolbaselineskip=\skip63
\partial@page=\box33
\last@line=\box34
\mult@rightbox=\box35
\mult@grightbox=\box36
\mult@gfirstbox=\box37
\mult@firstbox=\box38
\@tempa=\box39
\@tempa=\box40
\@tempa=\box41
\@tempa=\box42
\@tempa=\box43
\@tempa=\box44
\@tempa=\box45
\@tempa=\box46
\@tempa=\box47
\@tempa=\box48
\@tempa=\box49
\@tempa=\box50
\@tempa=\box51
\@tempa=\box52
\@tempa=\box53
\@tempa=\box54
\@tempa=\box55
\c@columnbadness=\count144
\c@finalcolumnbadness=\count145
\last@try=\dimen145
\multicolovershoot=\dimen146
\multicolundershoot=\dimen147
\mult@nat@firstbox=\box56
\colbreak@box=\box57
\multicol@sort@counter=\count146
)
\c@castheorem=\count147
\@indexfile=\write3
\openout3 = `thesis.idx'.


Writing index file thesis.idx
(./thesis.aux

LaTeX Warning: Label `Z-figures' multiply defined.


LaTeX Warning: Label `fig:Z-consensus-overlap' multiply defined.

)
\openout1 = `thesis.aux'.

LaTeX Font Info:    Checking defaults for OML/cmm/m/it on input line 75.
LaTeX Font Info:    ... okay on input line 75.
LaTeX Font Info:    Checking defaults for T1/cmr/m/n on input line 75.
LaTeX Font Info:    ... okay on input line 75.
LaTeX Font Info:    Checking defaults for OT1/cmr/m/n on input line 75.
LaTeX Font Info:    ... okay on input line 75.
LaTeX Font Info:    Checking defaults for OMS/cmsy/m/n on input line 75.
LaTeX Font Info:    ... okay on input line 75.
LaTeX Font Info:    Checking defaults for OMX/cmex/m/n on input line 75.
LaTeX Font Info:    ... okay on input line 75.
LaTeX Font Info:    Checking defaults for U/cmr/m/n on input line 75.
LaTeX Font Info:    ... okay on input line 75.
LaTeX Font Info:    Checking defaults for PD1/pdf/m/n on input line 75.
LaTeX Font Info:    ... okay on input line 75.

*geometry* driver: auto-detecting
*geometry* detected driver: pdftex
*geometry* verbose mode - [ preamble ] result:
* driver: pdftex
* paper: a4paper
* layout: <same size as paper>
* layoutoffset:(h,v)=(0.0pt,0.0pt)
* modes: 
* h-part:(L,W,R)=(101.17755pt, 438.51411pt, 57.81621pt)
* v-part:(T,H,B)=(61.42993pt, 722.18698pt, 61.42993pt)
* \paperwidth=597.50787pt
* \paperheight=845.04684pt
* \textwidth=438.51411pt
* \textheight=722.18698pt
* \oddsidemargin=28.90756pt
* \evensidemargin=28.90756pt
* \topmargin=-42.71385pt
* \headheight=12.0pt
* \headsep=19.8738pt
* \topskip=12.0pt
* \footskip=30.0pt
* \marginparwidth=38.0pt
* \marginparsep=7.0pt
* \columnsep=10.0pt
* \skip\footins=10.8pt plus 4.0pt minus 2.0pt
* \hoffset=0.0pt
* \voffset=0.0pt
* \mag=1000
* \@twocolumnfalse
* \@twosidefalse
* \@mparswitchfalse
* \@reversemarginfalse
* (1in=72.27pt=25.4mm, 1cm=28.453pt)

(/usr/share/texmf/tex/context/base/supp-pdf.mkii
[Loading MPS to PDF converter (version 2006.09.02).]
\scratchcounter=\count148
\scratchdimen=\dimen148
\scratchbox=\box58
\nofMPsegments=\count149
\nofMParguments=\count150
\everyMPshowfont=\toks34
\MPscratchCnt=\count151
\MPscratchDim=\dimen149
\MPnumerator=\count152
\makeMPintoPDFobject=\count153
\everyMPtoPDFconversion=\toks35
) (/usr/share/texmf/tex/latex/oberdiek/epstopdf-base.sty
Package: epstopdf-base 2010/02/09 v2.5 Base part for package epstopdf

(/usr/share/texmf/tex/latex/oberdiek/grfext.sty
Package: grfext 2010/08/19 v1.1 Manage graphics extensions (HO)
)
Package grfext Info: Graphics extension search list:
(grfext)             [.png,.pdf,.jpg,.mps,.jpeg,.jbig2,.jb2,.PNG,.PDF,.JPG,.JPE
G,.JBIG2,.JB2,.eps]
(grfext)             \AppendGraphicsExtensions on input line 452.

(/usr/share/texmf/tex/latex/latexconfig/epstopdf-sys.cfg
File: epstopdf-sys.cfg 2010/07/13 v1.3 Configuration of (r)epstopdf for TeX Liv
e
))
Package caption Info: Begin \AtBeginDocument code.
Package caption Info: subfig package v1.3 is loaded.
Package caption Info: hyperref package is loaded.
Package caption Info: listings package is loaded.
Package caption Info: End \AtBeginDocument code.
\c@lstlisting=\count154
\AtBeginShipoutBox=\box59
Package hyperref Info: Link coloring OFF on input line 75.

(/usr/share/texmf/tex/latex/hyperref/nameref.sty
Package: nameref 2010/04/30 v2.40 Cross-referencing by name of section

(/usr/share/texmf/tex/generic/oberdiek/gettitlestring.sty
Package: gettitlestring 2010/12/03 v1.4 Cleanup title references (HO)
)
\c@section@level=\count155
)
LaTeX Info: Redefining \ref on input line 75.
LaTeX Info: Redefining \pageref on input line 75.
LaTeX Info: Redefining \nameref on input line 75.
 (./thesis.out)
(./thesis.out)
\@outlinefile=\write4
\openout4 = `thesis.out'.

LaTeX Font Info:    Try loading font information for U+msa on input line 77.
 (/usr/share/texmf/tex/latex/amsfonts/umsa.fd
File: umsa.fd 2009/06/22 v3.00 AMS symbols A
)
LaTeX Font Info:    Try loading font information for U+msb on input line 77.

(/usr/share/texmf/tex/latex/amsfonts/umsb.fd
File: umsb.fd 2009/06/22 v3.00 AMS symbols B
)
<figures/uohyd.jpg, id=179, 433.62pt x 433.62pt>
File: figures/uohyd.jpg Graphic file (type jpg)
 <use figures/uohyd.jpg>
Package pdftex.def Info: figures/uohyd.jpg used on input line 77.
(pdftex.def)             Requested size: 93.95122pt x 93.94768pt.

[1



{/var/lib/texmf/fonts/map/pdftex/updmap/pdftex.map} <./figures/uohyd.jpg>]
(./certificate.tex <./figures/uohyd.jpg, id=187, 433.62pt x 433.62pt>
File: ./figures/uohyd.jpg Graphic file (type jpg)

<use ./figures/uohyd.jpg>
Package pdftex.def Info: ./figures/uohyd.jpg used on input line 4.
(pdftex.def)             Requested size: 108.405pt x 108.40472pt.

Underfull \hbox (badness 10000) in paragraph at lines 9--12

 []


Underfull \hbox (badness 10000) in paragraph at lines 30--30

 []

) [1 <./figures/uohyd.jpg>] (./declaration.tex) [2] [3

] (./ack.tex
Underfull \hbox (badness 10000) in paragraph at lines 1--3

 []


Underfull \hbox (badness 10000) in paragraph at lines 5--7

 []


Underfull \hbox (badness 10000) in paragraph at lines 12--15

 []

) [4

] (./abstract.tex) [5

] (./thesis.toc [6

])
\tf@toc=\write5
\openout5 = `thesis.toc'.

 [7]
Chapter 1.
(./chapter1.tex <figures/community.jpeg, id=269, 258.9675pt x 247.67531pt>
File: figures/community.jpeg Graphic file (type jpg)

<use figures/community.jpeg>
Package pdftex.def Info: figures/community.jpeg used on input line 8.
(pdftex.def)             Requested size: 199.17638pt x 142.2648pt.


Package caption Warning: The option `hypcap=true' will be ignored for this
(caption)                particular \caption on input line 9.
See the caption package documentation for explanation.

pdfTeX warning (ext4): destination with the same identifier (name{page.1}) has 
been already used, duplicate ignored
<to be read again> 
                   \relax 
l.15 \section
             {Overlapping Community} [1

 <./figures/community.jpeg>]
<figures/overlap.png, id=282, 501.875pt x 592.2125pt>
File: figures/overlap.png Graphic file (type png)

<use figures/overlap.png>
Package pdftex.def Info: figures/overlap.png used on input line 20.
(pdftex.def)             Requested size: 284.54012pt x 199.1718pt.


Package caption Warning: The option `hypcap=true' will be ignored for this
(caption)                particular \caption on input line 21.
See the caption package documentation for explanation.

LaTeX Font Info:    Try loading font information for OMS+cmr on input line 30.
(/usr/share/texmf/tex/latex/base/omscmr.fd
File: omscmr.fd 1999/05/25 v2.5h Standard LaTeX font definitions
)
LaTeX Font Info:    Font shape `OMS/cmr/m/n' in size <12> not available
(Font)              Font shape `OMS/cmsy/m/n' tried instead on input line 30.
 [2 <./figures/overlap.png>])
[3]
Chapter 2.
(./chapter2.tex [4

] [5]
Package hyperref Info: bookmark level for unknown algorithm defaults to 0 on in
put line 77.
 [6pdfTeX warning (ext4): destination with the same identifier (name{ALC@rem.1}
) has been already used, duplicate ignored

\AtBegShi@Output ...ipout \box \AtBeginShipoutBox 
                                                  \fi \fi 
l.89 
     pdfTeX warning (ext4): destination with the same identifier (name{ALC@rem.
1}) has been already used, duplicate ignored

\AtBegShi@Output ...ipout \box \AtBeginShipoutBox 
                                                  \fi \fi 
l.89 
     pdfTeX warning (ext4): destination with the same identifier (name{ALC@rem.
1}) has been already used, duplicate ignored

\AtBegShi@Output ...ipout \box \AtBeginShipoutBox 
                                                  \fi \fi 
l.89 
     ] [7] [8] [9]) [10]
Chapter 3.
(./chapter3.tex [11

]pdfTeX warning (ext4): destination with the same identifier (name{ALC@line.1})
 has been already used, duplicate ignored
<to be read again> 
                   \relax 
l.24 			\STATE
               read the input file and save as $A(i,j)= $community labels gi...
pdfTeX warning (ext4): destination with the same identifier (name{ALC@rem.1}) h
as been already used, duplicate ignored
<to be read again> 
                   \relax 
l.24 			\STATE
               read the input file and save as $A(i,j)= $community labels gi...
pdfTeX warning (ext4): destination with the same identifier (name{ALC@line.2}) 
has been already used, duplicate ignored
<to be read again> 
                   \relax 
l.26 			\STATE
               $M(i,j) = 0$  for each $i,j = 1,2,...,n$pdfTeX warning (ext4): d
estination with the same identifier (name{ALC@rem.1}) has been already used, du
plicate ignored
<to be read again> 
                   \relax 
l.26 			\STATE
               $M(i,j) = 0$  for each $i,j = 1,2,...,n$pdfTeX warning (ext4): d
estination with the same identifier (name{ALC@line.3}) has been already used, d
uplicate ignored
<to be read again> 
                   \relax 
l.27 			\FOR {$l = 1,2,...,k$}
                              pdfTeX warning (ext4): destination with the same 
identifier (name{ALC@rem.1}) has been already used, duplicate ignored
<to be read again> 
                   \relax 
l.27 			\FOR {$l = 1,2,...,k$}
                              pdfTeX warning (ext4): destination with the same 
identifier (name{ALC@line.4}) has been already used, duplicate ignored
<to be read again> 
                   \relax 
l.29 					\IF {$A(i,l) = A(j,l)$}
                                 pdfTeX warning (ext4): destination with the sa
me identifier (name{ALC@rem.1}) has been already used, duplicate ignored
<to be read again> 
                   \relax 
l.29 					\IF {$A(i,l) = A(j,l)$}
                                 pdfTeX warning (ext4): destination with the sa
me identifier (name{ALC@rem.1}) has been already used, duplicate ignored
<to be read again> 
                   \relax 
l.30 						\STATE
                  $count(i,j) ++$pdfTeX warning (ext4): destination with the sa
me identifier (name{ALC@rem.1}) has been already used, duplicate ignored
<to be read again> 
                   \relax 
l.32 					\ENDIF
                pdfTeX warning (ext4): destination with the same identifier (na
me{ALC@rem.1}) has been already used, duplicate ignored
<to be read again> 
                   \relax 
l.34 				\IF {$count = k$}
                          pdfTeX warning (ext4): destination with the same iden
tifier (name{ALC@rem.1}) has been already used, duplicate ignored
<to be read again> 
                   \relax 
l.35 					\STATE
                 $M(i,j) = 1$pdfTeX warning (ext4): destination with the same i
dentifier (name{ALC@rem.1}) has been already used, duplicate ignored
<to be read again> 
                   \relax 
l.37 				\ENDIF
               pdfTeX warning (ext4): destination with the same identifier (nam
e{ALC@rem.1}) has been already used, duplicate ignored
<to be read again> 
                   \relax 
l.38 			\ENDFOR
               pdfTeX warning (ext4): destination with the same identifier (nam
e{ALC@rem.1}) has been already used, duplicate ignored
<to be read again> 
                   \relax 
l.39 			\FOR {$i = 1,2,...,n$}
                              pdfTeX warning (ext4): destination with the same 
identifier (name{ALC@rem.1}) has been already used, duplicate ignored
<to be read again> 
                   \relax 
l.40 				\STATE
                $G_i = \{i\}$pdfTeX warning (ext4): destination with the same i
dentifier (name{ALC@rem.1}) has been already used, duplicate ignored
<to be read again> 
                   \relax 
l.41 				\FOR {$j = 1,2,...,n$}
                               pdfTeX warning (ext4): destination with the same
 identifier (name{ALC@rem.1}) has been already used, duplicate ignored
<to be read again> 
                   \relax 
l.42 					\IF {$M(i,j)=1$}
                          pdfTeX warning (ext4): destination with the same iden
tifier (name{ALC@rem.1}) has been already used, duplicate ignored
<to be read again> 
                   \relax 
l.43 						\STATE
                  $G_i = G_i \cup \{j\}$pdfTeX warning (ext4): destination with
 the same identifier (name{ALC@rem.1}) has been already used, duplicate ignored

<to be read again> 
                   \relax 
l.44 					\ENDIF
                pdfTeX warning (ext4): destination with the same identifier (na
me{ALC@rem.1}) has been already used, duplicate ignored
<to be read again> 
                   \relax 
l.45 				\ENDFOR
                pdfTeX warning (ext4): destination with the same identifier (na
me{ALC@rem.1}) has been already used, duplicate ignored
<to be read again> 
                   \relax 
l.46 			\ENDFOR
               pdfTeX warning (ext4): destination with the same identifier (nam
e{ALC@rem.1}) has been already used, duplicate ignored
<to be read again> 
                   \relax 
l.47 			\FOR {$i=1,2,...,n$}
                            pdfTeX warning (ext4): destination with the same id
entifier (name{ALC@rem.1}) has been already used, duplicate ignored
<to be read again> 
                   \relax 
l.48 ...F {$length(G_i) = 1$ \&\& $degree(i) > 1$}
                                                  pdfTeX warning (ext4): destin
ation with the same identifier (name{ALC@rem.1}) has been already used, duplica
te ignored
<to be read again> 
                   \relax 
l.49 					\STATE
                 node $i$ is overlapping nodepdfTeX warning (ext4): destination
 with the same identifier (name{ALC@rem.1}) has been already used, duplicate ig
nored
<to be read again> 
                   \relax 
l.50 				\ENDIF
               pdfTeX warning (ext4): destination with the same identifier (nam
e{ALC@rem.1}) has been already used, duplicate ignored
<to be read again> 
                   \relax 
l.51 			\ENDFOR
                [12]

Package caption Warning: The option `hypcap=true' will be ignored for this
(caption)                particular \caption on input line 79.
See the caption package documentation for explanation.

[13]
Package epstopdf Info: Source file: <figures/zachary_two_communities.eps>
(epstopdf)                    date: 2014-06-22 10:12:44
(epstopdf)                    size: 43336 bytes
(epstopdf)             Output file: <figures/zachary_two_communities-eps-conver
ted-to.pdf>
(epstopdf)                    date: 2014-06-22 11:02:19
(epstopdf)                    size: 9493 bytes
(epstopdf)             Command: <repstopdf --outfile=figures/zachary_two_commun
ities-eps-converted-to.pdf figures/zachary_two_communities.eps>
(epstopdf)             \includegraphics on input line 102.
Package epstopdf Info: Output file is already uptodate.

<figures/zachary_two_communities-eps-converted-to.pdf, id=398, 962.59625pt x 71
1.65875pt>
File: figures/zachary_two_communities-eps-converted-to.pdf Graphic file (type p
df)
 <use figures/zachary_two_communities-eps-converted-to.pdf>
Package pdftex.def Info: figures/zachary_two_communities-eps-converted-to.pdf u
sed on input line 102.
(pdftex.def)             Requested size: 426.78972pt x 341.42943pt.


Package caption Warning: The option `hypcap=true' will be ignored for this
(caption)                particular \caption on input line 103.
See the caption package documentation for explanation.

<figures/zachary_ebc.png, id=402, 908.39375pt x 903.375pt>
File: figures/zachary_ebc.png Graphic file (type png)

<use figures/zachary_ebc.png>
Package pdftex.def Info: figures/zachary_ebc.png used on input line 117.
(pdftex.def)             Requested size: 341.43689pt x 227.62138pt.


Package caption Warning: The option `hypcap=true' will be ignored for this
(caption)                particular \caption on input line 118.
See the caption package documentation for explanation.

[14 <./figures/zachary_two_communities-eps-converted-to.pdf>]
<figures/zachary_fg.png, id=414, 908.39375pt x 903.375pt>
File: figures/zachary_fg.png Graphic file (type png)

<use figures/zachary_fg.png>
Package pdftex.def Info: figures/zachary_fg.png used on input line 123.
(pdftex.def)             Requested size: 341.43689pt x 227.62138pt.


Package caption Warning: The option `hypcap=true' will be ignored for this
(caption)                particular \caption on input line 124.
See the caption package documentation for explanation.

<figures/zachary_inf.png, id=415, 607.26875pt x 586.19pt>
File: figures/zachary_inf.png Graphic file (type png)

<use figures/zachary_inf.png>
Package pdftex.def Info: figures/zachary_inf.png used on input line 129.
(pdftex.def)             Requested size: 341.43958pt x 284.52542pt.


Package caption Warning: The option `hypcap=true' will be ignored for this
(caption)                particular \caption on input line 130.
See the caption package documentation for explanation.

[15 <./figures/zachary_ebc.png (PNG copy)> <./figures/zachary_fg.png (PNG copy)
>] <figures/zachary_lev.png, id=422, 908.39375pt x 903.375pt>
File: figures/zachary_lev.png Graphic file (type png)

<use figures/zachary_lev.png>
Package pdftex.def Info: figures/zachary_lev.png used on input line 135.
(pdftex.def)             Requested size: 341.43689pt x 284.52328pt.


Package caption Warning: The option `hypcap=true' will be ignored for this
(caption)                particular \caption on input line 136.
See the caption package documentation for explanation.

<figures/zachary_ml.png, id=423, 607.26875pt x 586.19pt>
File: figures/zachary_ml.png Graphic file (type png)

<use figures/zachary_ml.png>
Package pdftex.def Info: figures/zachary_ml.png used on input line 141.
(pdftex.def)             Requested size: 341.43958pt x 284.52542pt.


Package caption Warning: The option `hypcap=true' will be ignored for this
(caption)                particular \caption on input line 142.
See the caption package documentation for explanation.

[16 <./figures/zachary_inf.png (PNG copy)> <./figures/zachary_lev.png (PNG copy
)>] <figures/zachary_opt.png, id=430, 607.26875pt x 586.19pt>
File: figures/zachary_opt.png Graphic file (type png)

<use figures/zachary_opt.png>
Package pdftex.def Info: figures/zachary_opt.png used on input line 147.
(pdftex.def)             Requested size: 341.43958pt x 284.52542pt.


Package caption Warning: The option `hypcap=true' will be ignored for this
(caption)                particular \caption on input line 148.
See the caption package documentation for explanation.

<figures/zachary_wt.png, id=431, 908.39375pt x 903.375pt>
File: figures/zachary_wt.png Graphic file (type png)

<use figures/zachary_wt.png>
Package pdftex.def Info: figures/zachary_wt.png used on input line 153.
(pdftex.def)             Requested size: 341.43689pt x 284.52328pt.


Package caption Warning: The option `hypcap=true' will be ignored for this
(caption)                particular \caption on input line 154.
See the caption package documentation for explanation.

[17 <./figures/zachary_ml.png (PNG copy)> <./figures/zachary_opt.png (PNG copy)
>]
Package epstopdf Info: Source file: <figures/zachary_consensus_overlap.eps>
(epstopdf)                    date: 2014-06-22 10:03:59
(epstopdf)                    size: 43335 bytes
(epstopdf)             Output file: <figures/zachary_consensus_overlap-eps-conv
erted-to.pdf>
(epstopdf)                    date: 2014-06-22 10:28:03
(epstopdf)                    size: 9487 bytes
(epstopdf)             Command: <repstopdf --outfile=figures/zachary_consensus_
overlap-eps-converted-to.pdf figures/zachary_consensus_overlap.eps>
(epstopdf)             \includegraphics on input line 167.
Package epstopdf Info: Output file is already uptodate.

<figures/zachary_consensus_overlap-eps-converted-to.pdf, id=443, 962.59625pt x 
711.65875pt>
File: figures/zachary_consensus_overlap-eps-converted-to.pdf Graphic file (type
 pdf)
 <use figures/zachary_consensus_overlap-eps-converted-to.pdf>
Package pdftex.def Info: figures/zachary_consensus_overlap-eps-converted-to.pdf
 used on input line 167.
(pdftex.def)             Requested size: 426.78972pt x 341.42943pt.


Package caption Warning: The option `hypcap=true' will be ignored for this
(caption)                particular \caption on input line 168.
See the caption package documentation for explanation.

[18 <./figures/zachary_wt.png (PNG copy)>]pdfTeX warning (ext4): destination wi
th the same identifier (name{ALC@line.1}) has been already used, duplicate igno
red
<to be read again> 
                   \relax 
l.192 			\STATE
                $|V| = n$, $|E| = m$, $k$ = number of algorithms and $edge(i...
pdfTeX warning (ext4): destination with the same identifier (name{ALC@rem.1}) h
as been already used, duplicate ignored
<to be read again> 
                   \relax 
l.192 			\STATE
                $|V| = n$, $|E| = m$, $k$ = number of algorithms and $edge(i...
pdfTeX warning (ext4): destination with the same identifier (name{ALC@line.2}) 
has been already used, duplicate ignored
<to be read again> 
                   \relax 
l.193 			\STATE
                calculate degree of each node.pdfTeX warning (ext4): destinatio
n with the same identifier (name{ALC@rem.1}) has been already used, duplicate i
gnored
<to be read again> 
                   \relax 
l.193 			\STATE
                calculate degree of each node.pdfTeX warning (ext4): destinatio
n with the same identifier (name{ALC@line.3}) has been already used, duplicate 
ignored
<to be read again> 
                   \relax 
l.194 			\FOR {$i = 1$ to $n$}
                              pdfTeX warning (ext4): destination with the same 
identifier (name{ALC@rem.1}) has been already used, duplicate ignored
<to be read again> 
                   \relax 
l.194 			\FOR {$i = 1$ to $n$}
                              pdfTeX warning (ext4): destination with the same 
identifier (name{ALC@line.4}) has been already used, duplicate ignored
<to be read again> 
                   \relax 
l.195 				\STATE
                 $c = 0$, $count_1 = 0,count_2 = 0,...., count_k = 0$.pdfTeX wa
rning (ext4): destination with the same identifier (name{ALC@rem.1}) has been a
lready used, duplicate ignored
<to be read again> 
                   \relax 
l.195 				\STATE
                 $c = 0$, $count_1 = 0,count_2 = 0,...., count_k = 0$.pdfTeX wa
rning (ext4): destination with the same identifier (name{ALC@line.5}) has been 
already used, duplicate ignored
<to be read again> 
                   \relax 
l.196 				\FOR {$j = 1$ to $n$}
                               pdfTeX warning (ext4): destination with the same
 identifier (name{ALC@rem.1}) has been already used, duplicate ignored
<to be read again> 
                   \relax 
l.196 				\FOR {$j = 1$ to $n$}
                               pdfTeX warning (ext4): destination with the same
 identifier (name{ALC@line.6}) has been already used, duplicate ignored
<to be read again> 
                   \relax 
l.197 					\IF {$edge(i,j) = TRUE$}
                                   pdfTeX warning (ext4): destination with the 
same identifier (name{ALC@rem.1}) has been already used, duplicate ignored
<to be read again> 
                   \relax 
l.197 					\IF {$edge(i,j) = TRUE$}
                                   pdfTeX warning (ext4): destination with the 
same identifier (name{ALC@line.7}) has been already used, duplicate ignored
<to be read again> 
                   \relax 
l.198 						\FOR {$l = 1$ to $k$}
                                 pdfTeX warning (ext4): destination with the sa
me identifier (name{ALC@rem.1}) has been already used, duplicate ignored
<to be read again> 
                   \relax 
l.198 						\FOR {$l = 1$ to $k$}
                                 pdfTeX warning (ext4): destination with the sa
me identifier (name{ALC@line.8}) has been already used, duplicate ignored
<to be read again> 
                   \relax 
l.199 							\IF {$label_l(i) != label_l(j)$}
                                             pdfTeX warning (ext4): destination
 with the same identifier (name{ALC@rem.1}) has been already used, duplicate ig
nored
<to be read again> 
                   \relax 
l.199 							\IF {$label_l(i) != label_l(j)$}
                                             pdfTeX warning (ext4): destination
 with the same identifier (name{ALC@line.9}) has been already used, duplicate i
gnored
<to be read again> 
                   \relax 
l.200 								\STATE
                     $count_l ++$pdfTeX warning (ext4): destination with the sa
me identifier (name{ALC@rem.1}) has been already used, duplicate ignored
<to be read again> 
                   \relax 
l.200 								\STATE
                     $count_l ++$pdfTeX warning (ext4): destination with the sa
me identifier (name{ALC@line.10}) has been already used, duplicate ignored
<to be read again> 
                   \relax 
l.201 							\ENDIF
                   pdfTeX warning (ext4): destination with the same identifier 
(name{ALC@rem.1}) has been already used, duplicate ignored
<to be read again> 
                   \relax 
l.201 							\ENDIF
                   pdfTeX warning (ext4): destination with the same identifier 
(name{ALC@line.11}) has been already used, duplicate ignored
<to be read again> 
                   \relax 
l.202 						\ENDFOR
                   pdfTeX warning (ext4): destination with the same identifier 
(name{ALC@rem.1}) has been already used, duplicate ignored
<to be read again> 
                   \relax 
l.202 						\ENDFOR
                   pdfTeX warning (ext4): destination with the same identifier 
(name{ALC@line.12}) has been already used, duplicate ignored
<to be read again> 
                   \relax 
l.203 					\ENDIF
                 pdfTeX warning (ext4): destination with the same identifier (n
ame{ALC@rem.1}) has been already used, duplicate ignored
<to be read again> 
                   \relax 
l.203 					\ENDIF
                 pdfTeX warning (ext4): destination with the same identifier (n
ame{ALC@line.13}) has been already used, duplicate ignored
<to be read again> 
                   \relax 
l.204 				\ENDFOR
                 pdfTeX warning (ext4): destination with the same identifier (n
ame{ALC@rem.1}) has been already used, duplicate ignored
<to be read again> 
                   \relax 
l.204 				\ENDFOR
                 pdfTeX warning (ext4): destination with the same identifier (n
ame{ALC@line.14}) has been already used, duplicate ignored
<to be read again> 
                   \relax 
l.205 				\FOR {$l = 1$ to $k$}
                               pdfTeX warning (ext4): destination with the same
 identifier (name{ALC@rem.1}) has been already used, duplicate ignored
<to be read again> 
                   \relax 
l.205 				\FOR {$l = 1$ to $k$}
                               pdfTeX warning (ext4): destination with the same
 identifier (name{ALC@line.15}) has been already used, duplicate ignored
<to be read again> 
                   \relax 
l.206 ...& count_l >= \lceil degree(i)/2 \rceil $}
                                                  pdfTeX warning (ext4): destin
ation with the same identifier (name{ALC@rem.1}) has been already used, duplica
te ignored
<to be read again> 
                   \relax 
l.206 ...& count_l >= \lceil degree(i)/2 \rceil $}
                                                  pdfTeX warning (ext4): destin
ation with the same identifier (name{ALC@line.16}) has been already used, dupli
cate ignored
<to be read again> 
                   \relax 
l.207 						\STATE
                   $c ++$pdfTeX warning (ext4): destination with the same ident
ifier (name{ALC@rem.1}) has been already used, duplicate ignored
<to be read again> 
                   \relax 
l.207 						\STATE
                   $c ++$pdfTeX warning (ext4): destination with the same ident
ifier (name{ALC@line.17}) has been already used, duplicate ignored
<to be read again> 
                   \relax 
l.208 					\ENDIF
                 pdfTeX warning (ext4): destination with the same identifier (n
ame{ALC@rem.1}) has been already used, duplicate ignored
<to be read again> 
                   \relax 
l.208 					\ENDIF
                 pdfTeX warning (ext4): destination with the same identifier (n
ame{ALC@line.18}) has been already used, duplicate ignored
<to be read again> 
                   \relax 
l.209 				\ENDFOR
                 pdfTeX warning (ext4): destination with the same identifier (n
ame{ALC@rem.1}) has been already used, duplicate ignored
<to be read again> 
                   \relax 
l.209 				\ENDFOR
                 pdfTeX warning (ext4): destination with the same identifier (n
ame{ALC@line.19}) has been already used, duplicate ignored
<to be read again> 
                   \relax 
l.210 				\IF {$c >= \lceil k/2 \rceil $}
                                         pdfTeX warning (ext4): destination wit
h the same identifier (name{ALC@rem.1}) has been already used, duplicate ignore
d
<to be read again> 
                   \relax 
l.210 				\IF {$c >= \lceil k/2 \rceil $}
                                         pdfTeX warning (ext4): destination wit
h the same identifier (name{ALC@line.20}) has been already used, duplicate igno
red
<to be read again> 
                   \relax 
l.211 					\STATE
                  print $i$.pdfTeX warning (ext4): destination with the same id
entifier (name{ALC@rem.1}) has been already used, duplicate ignored
<to be read again> 
                   \relax 
l.211 					\STATE
                  print $i$.pdfTeX warning (ext4): destination with the same id
entifier (name{ALC@line.21}) has been already used, duplicate ignored
<to be read again> 
                   \relax 
l.212 				\ENDIF
                pdfTeX warning (ext4): destination with the same identifier (na
me{ALC@rem.1}) has been already used, duplicate ignored
<to be read again> 
                   \relax 
l.212 				\ENDIF
                pdfTeX warning (ext4): destination with the same identifier (na
me{ALC@line.22}) has been already used, duplicate ignored
<to be read again> 
                   \relax 
l.213 			\ENDFOR
                pdfTeX warning (ext4): destination with the same identifier (na
me{ALC@rem.1}) has been already used, duplicate ignored
<to be read again> 
                   \relax 
l.213 			\ENDFOR
                 [19 <./figures/zachary_consensus_overlap-eps-converted-to.pdf>
]
Overfull \hbox (2.39893pt too wide) in paragraph at lines 223--224
\OT1/cmr/m/n/12 As ex-plained in the al-go-rithm, in-put file con-tains data in
 the for-mat $\OML/cmm/m/it/12 nodes \OMS/cmsy/m/n/12 ^^B \OML/cmm/m/it/12 algo
rithms$\OT1/cmr/m/n/12 .
 []

[20]
Package epstopdf Info: Source file: <figures/zachary_connectivity_overlap.eps>
(epstopdf)                    date: 2014-06-22 10:07:22
(epstopdf)                    size: 43336 bytes
(epstopdf)             Output file: <figures/zachary_connectivity_overlap-eps-c
onverted-to.pdf>
(epstopdf)                    date: 2014-06-22 10:28:04
(epstopdf)                    size: 9485 bytes
(epstopdf)             Command: <repstopdf --outfile=figures/zachary_connectivi
ty_overlap-eps-converted-to.pdf figures/zachary_connectivity_overlap.eps>
(epstopdf)             \includegraphics on input line 228.
Package epstopdf Info: Output file is already uptodate.

<figures/zachary_connectivity_overlap-eps-converted-to.pdf, id=469, 962.59625pt
 x 711.65875pt>
File: figures/zachary_connectivity_overlap-eps-converted-to.pdf Graphic file (t
ype pdf)

<use figures/zachary_connectivity_overlap-eps-converted-to.pdf>
Package pdftex.def Info: figures/zachary_connectivity_overlap-eps-converted-to.
pdf used on input line 228.
(pdftex.def)             Requested size: 426.78972pt x 341.42943pt.


Package caption Warning: The option `hypcap=true' will be ignored for this
(caption)                particular \caption on input line 229.
See the caption package documentation for explanation.

[21 <./figures/zachary_connectivity_overlap-eps-converted-to.pdf>]
Underfull \hbox (badness 10000) in paragraph at lines 243--244

 []

) [22]
Chapter 4.
(./chapter4.tex

Package caption Warning: The option `hypcap=true' will be ignored for this
(caption)                particular \caption on input line 21.
See the caption package documentation for explanation.

[23

] [24]
Underfull \hbox (badness 10000) in paragraph at lines 54--56

 []


Package caption Warning: The option `hypcap=true' will be ignored for this
(caption)                particular \caption on input line 83.
See the caption package documentation for explanation.

[25]

Package caption Warning: The option `hypcap=true' will be ignored for this
(caption)                particular \caption on input line 99.
See the caption package documentation for explanation.


Package caption Warning: The option `hypcap=true' will be ignored for this
(caption)                particular \caption on input line 120.
See the caption package documentation for explanation.


Package caption Warning: The option `hypcap=true' will be ignored for this
(caption)                particular \caption on input line 136.
See the caption package documentation for explanation.

[26]

Package caption Warning: The option `hypcap=true' will be ignored for this
(caption)                particular \caption on input line 161.
See the caption package documentation for explanation.

[27]

Package caption Warning: The option `hypcap=true' will be ignored for this
(caption)                particular \caption on input line 177.
See the caption package documentation for explanation.


Package caption Warning: The option `hypcap=true' will be ignored for this
(caption)                particular \caption on input line 204.
See the caption package documentation for explanation.

[28]

Package caption Warning: The option `hypcap=true' will be ignored for this
(caption)                particular \caption on input line 220.
See the caption package documentation for explanation.


Package caption Warning: The option `hypcap=true' will be ignored for this
(caption)                particular \caption on input line 245.
See the caption package documentation for explanation.

[29]

Package caption Warning: The option `hypcap=true' will be ignored for this
(caption)                particular \caption on input line 263.
See the caption package documentation for explanation.

[30]

Package caption Warning: The option `hypcap=true' will be ignored for this
(caption)                particular \caption on input line 293.
See the caption package documentation for explanation.


Package caption Warning: The option `hypcap=true' will be ignored for this
(caption)                particular \caption on input line 311.
See the caption package documentation for explanation.

[31]) [32]
Chapter 5.
(./chapter5.tex [33

] [34]) [35] (./bibliography.tex
Missing character: There is no  in font cmr10!
Missing character: There is no  in font cmr10!
Missing character: There is no  in font cmr10!
Missing character: There is no  in font cmr10!
Missing character: There is no  in font cmr10!
Missing character: There is no  in font cmr10!
Missing character: There is no  in font cmr10!
Missing character: There is no  in font cmr10!
Missing character: There is no  in font cmr10!
Missing character: There is no  in font cmr10!
Missing character: There is no  in font cmr10!
Missing character: There is no  in font cmr10!
Missing character: There is no  in font cmr10!
Missing character: There is no  in font cmr10!
 [36


]
Missing character: There is no  in font cmr10!
Missing character: There is no  in font cmr10!
Missing character: There is no  in font cmr10!
)
Package atveryend Info: Empty hook `BeforeClearDocument' on input line 129.
 [37]
Package atveryend Info: Empty hook `AfterLastShipout' on input line 129.
 (./thesis.aux)
Package atveryend Info: Executing hook `AtVeryEndDocument' on input line 129.
Package atveryend Info: Executing hook `AtEndAfterFileList' on input line 129.
Package rerunfilecheck Info: File `thesis.out' has not changed.
(rerunfilecheck)             Checksum: 036D1942E4706DD98823392255E6CB37;3162.


LaTeX Warning: There were multiply-defined labels.

Package atveryend Info: Empty hook `AtVeryVeryEnd' on input line 129.
 ) 
Here is how much of TeX's memory you used:
 9638 strings out of 493607
 141203 string characters out of 3149945
 246768 words of memory out of 3500000
 12601 multiletter control sequences out of 15000+200000
 15526 words of font info for 59 fonts, out of 3000000 for 9000
 831 hyphenation exceptions out of 8191
 44i,10n,42p,1960b,941s stack positions out of 5000i,500n,10000p,200000b,50000s
</usr/share/texmf/fonts/type1/public/amsfonts/cm/cmbx12.pfb></usr/share/texmf
/fonts/type1/public/amsfonts/cm/cmex10.pfb></usr/share/texmf/fonts/type1/public
/amsfonts/cm/cmmi12.pfb></usr/share/texmf/fonts/type1/public/amsfonts/cm/cmmi6.
pfb></usr/share/texmf/fonts/type1/public/amsfonts/cm/cmmi8.pfb></usr/share/texm
f/fonts/type1/public/amsfonts/cm/cmr10.pfb></usr/share/texmf/fonts/type1/public
/amsfonts/cm/cmr12.pfb></usr/share/texmf/fonts/type1/public/amsfonts/cm/cmr8.pf
b></usr/share/texmf/fonts/type1/public/amsfonts/cm/cmsl12.pfb></usr/share/texmf
/fonts/type1/public/amsfonts/cm/cmsy10.pfb></usr/share/texmf/fonts/type1/public
/amsfonts/cm/cmsy8.pfb></usr/share/texmf/fonts/type1/public/amsfonts/cm/cmti10.
pfb></usr/share/texmf/fonts/type1/public/amsfonts/cm/cmti12.pfb></usr/share/tex
mf/fonts/type1/public/amsfonts/cm/cmtt10.pfb>
Output written on thesis.pdf (45 pages, 1422721 bytes).
PDF statistics:
 700 PDF objects out of 1000 (max. 8388607)
 610 compressed objects within 7 object streams
 166 named destinations out of 1000 (max. 500000)
 423 words of extra memory for PDF output out of 10000 (max. 10000000)

